<?xml version="1.0" encoding="UTF-8"?>
<!-- Generated by org.testng.reporters.JUnitXMLReporter -->
<testsuite hostname="LAPTOP-BPQK2HC0" name="Default test" tests="1" failures="0" timestamp="24 Nov 2015 05:50:47 GMT" time="0.044" errors="0">
  <testcase name="@BeforeTest beforeSetup1" time="0.0" classname="test.java.com.smoketest.RingCSVAddToCart">
    <failure type="org.testng.TestNGException" message="
Parameter &amp;apos;numberOfCount&amp;apos; is required by @Configuration on method beforeSetup1 but has not been marked @Optional or defined
in C:\Users\ILD LT 015\AppData\Local\Temp\testng-eclipse-1551016118\testng-customsuite.xml">
      <![CDATA[org.testng.TestNGException: 
Parameter 'numberOfCount' is required by @Configuration on method beforeSetup1 but has not been marked @Optional or defined
in C:\Users\ILD LT 015\AppData\Local\Temp\testng-eclipse-1551016118\testng-customsuite.xml
	at org.testng.internal.Parameters.createParameters(Parameters.java:154)
	at org.testng.internal.Parameters.createParameters(Parameters.java:361)
	at org.testng.internal.Parameters.createConfigurationParameters(Parameters.java:84)
	at org.testng.internal.Invoker.invokeConfigurations(Invoker.java:197)
	at org.testng.internal.Invoker.invokeConfigurations(Invoker.java:138)
	at org.testng.TestRunner.beforeRun(TestRunner.java:648)
	at org.testng.TestRunner.run(TestRunner.java:616)
	at org.testng.SuiteRunner.runTest(SuiteRunner.java:359)
	at org.testng.SuiteRunner.runSequentially(SuiteRunner.java:354)
	at org.testng.SuiteRunner.privateRun(SuiteRunner.java:312)
	at org.testng.SuiteRunner.run(SuiteRunner.java:261)
	at org.testng.SuiteRunnerWorker.runSuite(SuiteRunnerWorker.java:52)
	at org.testng.SuiteRunnerWorker.run(SuiteRunnerWorker.java:86)
	at org.testng.TestNG.runSuitesSequentially(TestNG.java:1215)
	at org.testng.TestNG.runSuitesLocally(TestNG.java:1140)
	at org.testng.TestNG.run(TestNG.java:1048)
	at org.testng.remote.RemoteTestNG.run(RemoteTestNG.java:112)
	at org.testng.remote.RemoteTestNG.initAndRun(RemoteTestNG.java:205)
	at org.testng.remote.RemoteTestNG.main(RemoteTestNG.java:176)
]]>
    </failure>
  </testcase> <!-- @BeforeTest beforeSetup1 -->
  <testcase name="@BeforeClass createHtML" time="0.0" classname="test.java.com.smoketest.RingCSVAddToCart">
    <skipped/>
  </testcase> <!-- @BeforeClass createHtML -->
  <testcase name="@AfterClass prepareAndSendHTML" time="0.0" classname="test.java.com.smoketest.RingCSVAddToCart">
    <skipped/>
  </testcase> <!-- @AfterClass prepareAndSendHTML -->
  <testcase name="testCSVData" time="0.0" classname="test.java.com.smoketest.RingCSVAddToCart">
    <skipped/>
  </testcase> <!-- testCSVData -->
</testsuite> <!-- Default test -->
