<?xml version="1.0" encoding="UTF-8"?>
<!-- Generated by org.testng.reporters.JUnitXMLReporter -->
<testsuite hostname="LAPTOP-BPQK2HC0" name="Automation Suite test 1" tests="5" failures="0" timestamp="25 Nov 2015 05:42:08 GMT" time="764.408" errors="0">
  <testcase name="testCSVData" time="100.327" classname="test.java.com.smoketest.CSVAddtoCart"/>
  <testcase name="testCSVData" time="105.047" classname="test.java.com.smoketest.CSVAddtoCart"/>
  <testcase name="testCSVData" time="109.29" classname="test.java.com.smoketest.CSVAddtoCart"/>
  <testcase name="testCSVData" time="110.46" classname="test.java.com.smoketest.CSVAddtoCart"/>
  <testcase name="testCSVData" time="129.397" classname="test.java.com.smoketest.CSVAddtoCart"/>
</testsuite> <!-- Automation Suite test 1 -->
