<?xml version="1.0" encoding="UTF-8"?>
<testng-results skipped="0" failed="0" total="1" passed="1">
  <reporter-output>
  </reporter-output>
  <suite name="Automation Suite" duration-ms="106352" started-at="2015-12-06T19:09:42Z" finished-at="2015-12-06T19:11:28Z">
    <groups>
    </groups>
    <test name="Automation Suite test 4" duration-ms="11" started-at="2015-12-06T19:09:42Z" finished-at="2015-12-06T19:09:42Z">
    </test> <!-- Automation Suite test 4 -->
    <test name="Automation Suite test 3" duration-ms="11" started-at="2015-12-06T19:09:42Z" finished-at="2015-12-06T19:09:42Z">
    </test> <!-- Automation Suite test 3 -->
    <test name="Automation Suite test 1" duration-ms="10" started-at="2015-12-06T19:09:42Z" finished-at="2015-12-06T19:09:42Z">
    </test> <!-- Automation Suite test 1 -->
    <test name="Automation Suite test 5" duration-ms="7" started-at="2015-12-06T19:09:42Z" finished-at="2015-12-06T19:09:42Z">
    </test> <!-- Automation Suite test 5 -->
    <test name="Automation Suite test 2" duration-ms="106352" started-at="2015-12-06T19:09:42Z" finished-at="2015-12-06T19:11:28Z">
      <class name="test.java.com.smoketest.RingCSVAddToCart">
        <test-method status="PASS" signature="beforeSetup1(java.lang.String, java.lang.String)[pri:0, instance:test.java.com.smoketest.RingCSVAddToCart@6ea12c19]" name="beforeSetup1" is-config="true" duration-ms="15" started-at="2015-12-07T00:39:42Z" finished-at="2015-12-07T00:39:42Z">
          <params>
            <param index="0">
              <value>
                <![CDATA[ALL]]>
              </value>
            </param>
            <param index="1">
              <value>
                <![CDATA[suchismita@ilovediamonds.com,Alaka@ilovediamonds.com,Prakash@ilovediamonds.com]]>
              </value>
            </param>
          </params>
          <reporter-output>
          </reporter-output>
        </test-method> <!-- beforeSetup1 -->
        <test-method status="PASS" signature="createHtML()[pri:0, instance:test.java.com.smoketest.RingCSVAddToCart@6ea12c19]" name="createHtML" is-config="true" duration-ms="0" started-at="2015-12-07T00:39:42Z" finished-at="2015-12-07T00:39:42Z">
          <reporter-output>
          </reporter-output>
        </test-method> <!-- createHtML -->
        <test-method status="PASS" signature="beforeSetup(java.lang.String, java.lang.String)[pri:0, instance:test.java.com.smoketest.RingCSVAddToCart@6ea12c19]" name="beforeSetup" is-config="true" duration-ms="30843" started-at="2015-12-07T00:39:42Z" finished-at="2015-12-07T00:40:13Z">
          <params>
            <param index="0">
              <value>
                <![CDATA[prod]]>
              </value>
            </param>
            <param index="1">
              <value>
                <![CDATA[Firefox]]>
              </value>
            </param>
          </params>
          <reporter-output>
          </reporter-output>
        </test-method> <!-- beforeSetup -->
        <test-method status="PASS" signature="testCSVData(java.lang.String)[pri:0, instance:test.java.com.smoketest.RingCSVAddToCart@6ea12c19]" name="testCSVData" duration-ms="68119" started-at="2015-12-07T00:40:13Z" data-provider="getRandomData" finished-at="2015-12-07T00:41:21Z">
          <params>
            <param index="0">
              <value>
                <![CDATA[BR0035A]]>
              </value>
            </param>
          </params>
          <reporter-output>
          </reporter-output>
        </test-method> <!-- testCSVData -->
        <test-method status="PASS" signature="closeDriver()[pri:0, instance:test.java.com.smoketest.RingCSVAddToCart@6ea12c19]" name="closeDriver" is-config="true" duration-ms="1512" started-at="2015-12-07T00:41:21Z" finished-at="2015-12-07T00:41:22Z">
          <reporter-output>
          </reporter-output>
        </test-method> <!-- closeDriver -->
        <test-method status="PASS" signature="prepareAndSendHTML()[pri:0, instance:test.java.com.smoketest.RingCSVAddToCart@6ea12c19]" name="prepareAndSendHTML" is-config="true" duration-ms="5840" started-at="2015-12-07T00:41:22Z" finished-at="2015-12-07T00:41:28Z">
          <reporter-output>
          </reporter-output>
        </test-method> <!-- prepareAndSendHTML -->
      </class> <!-- test.java.com.smoketest.RingCSVAddToCart -->
    </test> <!-- Automation Suite test 2 -->
  </suite> <!-- Automation Suite -->
</testng-results>
